31/3/2022 14:24:56	This log contains information about the import schema operation into project 'Permaquim.Depositary.Database' on computer 'NB000180' by user 'ccespon'.
31/3/2022 14:24:56	Import of database schema has started.
31/3/2022 14:24:56	Gathering database credentials
31/3/2022 14:24:56	Gathering database options
31/3/2022 14:24:56	Gathering generic database scoped configuration option
31/3/2022 14:24:56	Gathering users
31/3/2022 14:24:56	Gathering roles
31/3/2022 14:24:56	Gathering application roles
31/3/2022 14:24:56	Gathering role memberships
31/3/2022 14:24:56	Gathering filegroups
31/3/2022 14:24:56	Gathering full-text catalogs
31/3/2022 14:24:56	Gathering assemblies
31/3/2022 14:24:56	Gathering certificates
31/3/2022 14:24:56	Gathering asymmetric keys
31/3/2022 14:24:56	Gathering symmetric keys
31/3/2022 14:24:56	Gathering encrypted symmetric keys
31/3/2022 14:24:56	Gathering schemas
31/3/2022 14:24:56	Gathering XML schema collections
31/3/2022 14:24:56	Gathering user-defined data types
31/3/2022 14:24:56	Gathering user-defined types
31/3/2022 14:24:56	Gathering table types
31/3/2022 14:24:56	Gathering unique keys for table types
31/3/2022 14:24:56	Gathering primary keys for table types
31/3/2022 14:24:56	Gathering indexes for table types
31/3/2022 14:24:56	Gathering check constraints for table types
31/3/2022 14:24:56	Gathering default constraints for table types
31/3/2022 14:24:56	Gathering partition functions
31/3/2022 14:24:56	Gathering partition schemes
31/3/2022 14:24:56	Gathering functions
31/3/2022 14:24:56	Gathering encrypted functions
31/3/2022 14:24:56	Gathering aggregates
31/3/2022 14:24:56	Gathering procedures
31/3/2022 14:24:56	Gathering encrypted procedures
31/3/2022 14:24:56	Gathering tables
31/3/2022 14:24:56	Gathering primary keys
31/3/2022 14:24:56	Gathering unique constraints
31/3/2022 14:24:56	Gathering foreign keys
31/3/2022 14:24:56	Gathering default constraints
31/3/2022 14:24:56	Gathering check constraints
31/3/2022 14:24:56	Gathering views
31/3/2022 14:24:57	Gathering encrypted views
31/3/2022 14:24:57	Gathering indexes
31/3/2022 14:24:57	Gathering statistics
31/3/2022 14:24:57	Gathering full-text index stoplists
31/3/2022 14:24:57	Gathering search property lists
31/3/2022 14:24:57	Gathering search properties
31/3/2022 14:24:57	Gathering full-text indexes
31/3/2022 14:24:57	Gathering column store indexes
31/3/2022 14:24:57	Gathering spatial indexes
31/3/2022 14:24:57	Gathering XML indexes
31/3/2022 14:24:57	Gathering Selective XML indexes
31/3/2022 14:24:57	Gathering encrypted triggers
31/3/2022 14:24:57	Gathering triggers
31/3/2022 14:24:57	Gathering encrypted and clr ddl triggers
31/3/2022 14:24:57	Gathering ddl triggers
31/3/2022 14:24:57	Creating edge constraints
31/3/2022 14:24:57	Gathering synonyms
31/3/2022 14:24:57	Gathering defaults
31/3/2022 14:24:57	Gathering data constraint uddt bindings
31/3/2022 14:24:57	Gathering rules
31/3/2022 14:24:57	Gathering data constraint uddt bindings
31/3/2022 14:24:57	Gathering message types
31/3/2022 14:24:57	Gathering queues
31/3/2022 14:24:57	Gathering contracts
31/3/2022 14:24:57	Gathering services
31/3/2022 14:24:57	Gathering event notifications
31/3/2022 14:24:57	Gathering remote service bindings
31/3/2022 14:24:57	Gathering broker priorities
31/3/2022 14:24:57	Gathering signatures
31/3/2022 14:24:57	Gathering data compression options
31/3/2022 14:24:57	Gathering sequence types
31/3/2022 14:24:57	Gathering security policies
31/3/2022 14:24:57	Gather column encryption keys
31/3/2022 14:24:57	Gathering column master keys
31/3/2022 14:24:57	Gathering external data sources
31/3/2022 14:24:57	Gathering external file formats
31/3/2022 14:24:57	Gathering external tables
31/3/2022 14:24:57	Gathering extended properties
31/3/2022 14:25:01	Gathering assemblies
31/3/2022 14:25:01	Gathering credentials
31/3/2022 14:25:01	Gathering logins
31/3/2022 14:25:01	Gathering server audits
31/3/2022 14:25:01	Scanning project for duplicate elements
31/3/2022 14:25:01	Finished duplicate element processing
31/3/2022 14:25:03	Finished importing database.
31/3/2022 14:25:03	A summary of the import was saved to the following location: \\FileSRV\SISTEMAS\Desarrollo\Permaquim.Depositary\Permaquim.Depositary.Database\Import Schema Logs\Permaquim.Depositary_20220331052456.log
31/3/2022 14:25:03	Click Finish to continue...
